Using pre-set license
Built from '2021.2/staging' branch; Version is '2021.2.7f1 (6bd9e232123f) revision 7068130'; Using compiler version '192829333'; Build Type 'Release'
OS: 'Windows 11  (10.0.22000) 64bit Core' Language: 'en' Physical Memory: 16204 MB
BatchMode: 1, IsHumanControllingUs: 0, StartBugReporterOnCrash: 0, Is64bit: 1, IsPro: 0

COMMAND LINE ARGUMENTS:
C:\Program Files\Unity\Hub\Editor\2021.2.7f1\Editor\Unity.exe
-adb2
-batchMode
-noUpm
-name
AssetImportWorker1
-projectPath
C:/Users/alexa/OneDrive/Documents/GitHub/Unity-Secnior-Project/SeniorProject
-logFile
Logs/AssetImportWorker1.log
-srvPort
64752
Successfully changed project path to: C:/Users/alexa/OneDrive/Documents/GitHub/Unity-Secnior-Project/SeniorProject
C:/Users/alexa/OneDrive/Documents/GitHub/Unity-Secnior-Project/SeniorProject
[UnityMemory] Configuration Parameters - Can be set up in boot.config
    "memorysetup-bucket-allocator-granularity=16"
    "memorysetup-bucket-allocator-bucket-count=8"
    "memorysetup-bucket-allocator-block-size=33554432"
    "memorysetup-bucket-allocator-block-count=8"
    "memorysetup-main-allocator-block-size=16777216"
    "memorysetup-thread-allocator-block-size=16777216"
    "memorysetup-gfx-main-allocator-block-size=16777216"
    "memorysetup-gfx-thread-allocator-block-size=16777216"
    "memorysetup-cache-allocator-block-size=4194304"
    "memorysetup-typetree-allocator-block-size=2097152"
    "memorysetup-profiler-bucket-allocator-granularity=16"
    "memorysetup-profiler-bucket-allocator-bucket-count=8"
    "memorysetup-profiler-bucket-allocator-block-size=33554432"
    "memorysetup-profiler-bucket-allocator-block-count=8"
    "memorysetup-profiler-allocator-block-size=16777216"
    "memorysetup-profiler-editor-allocator-block-size=1048576"
    "memorysetup-temp-allocator-size-main=16777216"
    "memorysetup-job-temp-allocator-block-size=2097152"
    "memorysetup-job-temp-allocator-block-size-background=1048576"
    "memorysetup-job-temp-allocator-reduction-small-platforms=262144"
    "memorysetup-temp-allocator-size-background-worker=32768"
    "memorysetup-temp-allocator-size-job-worker=262144"
    "memorysetup-temp-allocator-size-preload-manager=33554432"
    "memorysetup-temp-allocator-size-nav-mesh-worker=65536"
    "memorysetup-temp-allocator-size-audio-worker=65536"
    "memorysetup-temp-allocator-size-cloud-worker=32768"
    "memorysetup-temp-allocator-size-gi-baking-worker=262144"
    "memorysetup-temp-allocator-size-gfx=262144"
Refreshing native plugins compatible for Editor in 105.31 ms, found 3 plugins.
Preloading 0 native plugins for Editor in 0.00 ms.
Initialize engine version: 2021.2.7f1 (6bd9e232123f)
[Subsystems] Discovering subsystems at path C:/Program Files/Unity/Hub/Editor/2021.2.7f1/Editor/Data/Resources/UnitySubsystems
[Subsystems] Discovering subsystems at path C:/Users/alexa/OneDrive/Documents/GitHub/Unity-Secnior-Project/SeniorProject/Assets
GfxDevice: creating device client; threaded=0; jobified=0
Direct3D:
    Version:  Direct3D 11.0 [level 11.1]
    Renderer: NVIDIA GeForce RTX 2070 (ID=0x1f14)
    Vendor:   NVIDIA
    VRAM:     8031 MB
    Driver:   30.0.15.1179
Initialize mono
Mono path[0] = 'C:/Program Files/Unity/Hub/Editor/2021.2.7f1/Editor/Data/Managed'
Mono path[1] = 'C:/Program Files/Unity/Hub/Editor/2021.2.7f1/Editor/Data/MonoBleedingEdge/lib/mono/unityjit-win32'
Mono config path = 'C:/Program Files/Unity/Hub/Editor/2021.2.7f1/Editor/Data/MonoBleedingEdge/etc'
Using monoOptions --debugger-agent=transport=dt_socket,embedding=1,server=y,suspend=n,address=127.0.0.1:56740
Begin MonoManager ReloadAssembly
Registering precompiled unity dll's ...
Register platform support module: C:/Program Files/Unity/Hub/Editor/2021.2.7f1/Editor/Data/PlaybackEngines/WindowsStandaloneSupport/UnityEditor.WindowsStandalone.Extensions.dll
Registered in 0.005445 seconds.
Native extension for WindowsStandalone target not found
Refreshing native plugins compatible for Editor in 109.78 ms, found 3 plugins.
Preloading 0 native plugins for Editor in 0.00 ms.
Mono: successfully reloaded assembly
- Completed reload, in  0.808 seconds
Domain Reload Profiling:
	ReloadAssembly (808ms)
		BeginReloadAssembly (69ms)
			ExecutionOrderSort (0ms)
			DisableScriptedObjects (0ms)
			BackupInstance (0ms)
			ReleaseScriptingObjects (0ms)
			CreateAndSetChildDomain (1ms)
		EndReloadAssembly (662ms)
			LoadAssemblies (67ms)
			RebuildTransferFunctionScriptingTraits (0ms)
			SetupTypeCache (101ms)
			ReleaseScriptCaches (0ms)
			RebuildScriptCaches (28ms)
			SetupLoadedEditorAssemblies (480ms)
				LogAssemblyErrors (0ms)
				InitializePlatformSupportModulesInManaged (91ms)
				SetLoadedEditorAssemblies (0ms)
				RefreshPlugins (110ms)
				BeforeProcessingInitializeOnLoad (2ms)
				ProcessInitializeOnLoadAttributes (162ms)
				ProcessInitializeOnLoadMethodAttributes (116ms)
				AfterProcessingInitializeOnLoad (0ms)
				EditorAssembliesLoaded (0ms)
			ExecutionOrderSort2 (0ms)
			AwakeInstancesAfterBackupRestoration (0ms)
Platform modules already initialized, skipping
Registering precompiled user dll's ...
Registered in 1.899148 seconds.
Begin MonoManager ReloadAssembly
Symbol file LoadedFromMemory doesn't match image C:\Users\alexa\OneDrive\Documents\GitHub\Unity-Secnior-Project\SeniorProject\Library\PackageCache\com.unity.visualscripting@1.7.6\Editor\VisualScripting.Core\Dependencies\YamlDotNet\Unity.VisualScripting.YamlDotNet.dll
Symbol file LoadedFromMemory doesn't match image C:\Users\alexa\OneDrive\Documents\GitHub\Unity-Secnior-Project\SeniorProject\Library\PackageCache\com.unity.visualscripting@1.7.6\Editor\VisualScripting.Core\Dependencies\DotNetZip\Unity.VisualScripting.IonicZip.dll
Native extension for WindowsStandalone target not found
Refreshing native plugins compatible for Editor in 102.48 ms, found 3 plugins.
Preloading 0 native plugins for Editor in 0.00 ms.
Mono: successfully reloaded assembly
- Completed reload, in  1.535 seconds
Domain Reload Profiling:
	ReloadAssembly (1536ms)
		BeginReloadAssembly (104ms)
			ExecutionOrderSort (0ms)
			DisableScriptedObjects (6ms)
			BackupInstance (0ms)
			ReleaseScriptingObjects (0ms)
			CreateAndSetChildDomain (19ms)
		EndReloadAssembly (1328ms)
			LoadAssemblies (94ms)
			RebuildTransferFunctionScriptingTraits (0ms)
			SetupTypeCache (305ms)
			ReleaseScriptCaches (1ms)
			RebuildScriptCaches (62ms)
			SetupLoadedEditorAssemblies (815ms)
				LogAssemblyErrors (0ms)
				InitializePlatformSupportModulesInManaged (11ms)
				SetLoadedEditorAssemblies (0ms)
				RefreshPlugins (103ms)
				BeforeProcessingInitializeOnLoad (105ms)
				ProcessInitializeOnLoadAttributes (512ms)
				ProcessInitializeOnLoadMethodAttributes (78ms)
				AfterProcessingInitializeOnLoad (7ms)
				EditorAssembliesLoaded (0ms)
			ExecutionOrderSort2 (0ms)
			AwakeInstancesAfterBackupRestoration (5ms)
Platform modules already initialized, skipping
========================================================================
Worker process is ready to serve import requests
Launched and connected shader compiler UnityShaderCompiler.exe after 0.04 seconds
Refreshing native plugins compatible for Editor in 1.18 ms, found 3 plugins.
Preloading 0 native plugins for Editor in 0.00 ms.
Unloading 4728 Unused Serialized files (Serialized files now loaded: 0)
Unloading 45 unused Assets / (468.4 KB). Loaded Objects now: 5187.
Memory consumption went from 170.2 MB to 169.8 MB.
Total: 4.934700 ms (FindLiveObjects: 0.669400 ms CreateObjectMapping: 0.530500 ms MarkObjects: 3.538500 ms  DeleteObjects: 0.195100 ms)

AssetImportParameters requested are different than current active one (requested -> active):
  custom:video-decoder-ogg-theora: a1e56fd34408186e4bbccfd4996cb3dc -> 
  custom:container-muxer-webm: aa71ff27fc2769a1b78a27578f13a17b -> 
  custom:container-demuxer-webm: 4f35f7cbe854078d1ac9338744f61a02 -> 
  custom:video-encoder-webm-vp8: eb34c28f22e8b96e1ab97ce403110664 -> 
  custom:audio-encoder-webm-vorbis: bf7c407c2cedff20999df2af8eb42d56 -> 
  custom:framework-win-MediaFoundation: 216162199b28c13a410421893ffa2e32 -> 
  custom:container-demuxer-ogg: 62fdf1f143b41e24485cea50d1cbac27 -> 
  custom:video-decoder-webm-vp8: 9c59270c3fd7afecdb556c50c9e8de78 -> 
  custom:audio-decoder-ogg-vorbis: bf7c407c2cedff20999df2af8eb42d56 -> 
========================================================================
Received Import Request.
  Time since last request: 31722.730341 seconds.
  path: Assets/Models/KiaRioCarModel.fbx
  artifactKey: Guid(28872c2a9d3b54c4c9e2044905bc46e2) Importer(815301076,1909f56bfc062723c751e8b465ee728b)
Start importing Assets/Models/KiaRioCarModel.fbx using Guid(28872c2a9d3b54c4c9e2044905bc46e2) Importer(815301076,1909f56bfc062723c751e8b465ee728b)  -> (artifact id: '505f59fc160456489a7f4112021dbfb2') in 4.346370 seconds 
========================================================================
Received Import Request.
  Time since last request: 2192.857619 seconds.
  path: Assets/Simple Garage/Materials/2K-false_ceiling_basecolor.mat
  artifactKey: Guid(26bf5fcbcd484234398dc4274abd4e19) Importer(815301076,1909f56bfc062723c751e8b465ee728b)
Start importing Assets/Simple Garage/Materials/2K-false_ceiling_basecolor.mat using Guid(26bf5fcbcd484234398dc4274abd4e19) Importer(815301076,1909f56bfc062723c751e8b465ee728b)  -> (artifact id: '7e0f57be14a78b90960116e58f15f00a') in 0.406963 seconds 
========================================================================
Received Import Request.
  Time since last request: 0.000041 seconds.
  path: Assets/Simple Garage/Models/Garage.fbx
  artifactKey: Guid(8f9e4da5668113a4da8b4efea4a9499f) Importer(815301076,1909f56bfc062723c751e8b465ee728b)
Start importing Assets/Simple Garage/Models/Garage.fbx using Guid(8f9e4da5668113a4da8b4efea4a9499f) Importer(815301076,1909f56bfc062723c751e8b465ee728b)  -> (artifact id: '882594510952cefda887a17193b2cad6') in 1.127460 seconds 
========================================================================
Received Import Request.
  Time since last request: 0.000034 seconds.
  path: Assets/Simple Garage/Models/Locker.fbx
  artifactKey: Guid(1d5d7e0445e52774e839fe045a67c136) Importer(815301076,1909f56bfc062723c751e8b465ee728b)
Start importing Assets/Simple Garage/Models/Locker.fbx using Guid(1d5d7e0445e52774e839fe045a67c136) Importer(815301076,1909f56bfc062723c751e8b465ee728b)  -> (artifact id: '696af3b62689b7e936ec9263b70c8799') in 0.055315 seconds 
========================================================================
Received Import Request.
  Time since last request: 0.000017 seconds.
  path: Assets/Simple Garage/Models/Cone Drill Bits.fbx
  artifactKey: Guid(3688125de6839734b86ad19d18045e11) Importer(815301076,1909f56bfc062723c751e8b465ee728b)
Start importing Assets/Simple Garage/Models/Cone Drill Bits.fbx using Guid(3688125de6839734b86ad19d18045e11) Importer(815301076,1909f56bfc062723c751e8b465ee728b)  -> (artifact id: 'bafa22b725fd6370dc2170e0490c9665') in 0.032089 seconds 
========================================================================
Received Import Request.
  Time since last request: 0.000033 seconds.
  path: Assets/StarterAssets/Environment/Art/Models/Wall_Mesh.fbx
  artifactKey: Guid(ff02a0a00ab750f48b09459b1cafd1b8) Importer(815301076,1909f56bfc062723c751e8b465ee728b)
Start importing Assets/StarterAssets/Environment/Art/Models/Wall_Mesh.fbx using Guid(ff02a0a00ab750f48b09459b1cafd1b8) Importer(815301076,1909f56bfc062723c751e8b465ee728b)  -> (artifact id: 'e31aeaa931dadf69ca0d8bb39d757952') in 0.028640 seconds 
========================================================================
Received Import Request.
  Time since last request: 0.000032 seconds.
  path: Assets/Simple Garage/Models/Longboard.fbx
  artifactKey: Guid(327d01924b7231d47883fe1d588cfbc3) Importer(815301076,1909f56bfc062723c751e8b465ee728b)
Start importing Assets/Simple Garage/Models/Longboard.fbx using Guid(327d01924b7231d47883fe1d588cfbc3) Importer(815301076,1909f56bfc062723c751e8b465ee728b)  -> (artifact id: 'a90d7225be6bca393334fd79052a372b') in 0.063210 seconds 
========================================================================
Received Import Request.
  Time since last request: 0.000020 seconds.
  path: Assets/Simple Garage/Materials/[0036_BurlyWood].mat
  artifactKey: Guid(b233ae0ecddf1804ab2ba09bd2e0ccc8) Importer(815301076,1909f56bfc062723c751e8b465ee728b)
Start importing Assets/Simple Garage/Materials/[0036_BurlyWood].mat using Guid(b233ae0ecddf1804ab2ba09bd2e0ccc8) Importer(815301076,1909f56bfc062723c751e8b465ee728b)  -> (artifact id: '1b8e44a6ff27a86e7cc478f170fe3391') in 0.011034 seconds 
========================================================================
Received Import Request.
  Time since last request: 0.000027 seconds.
  path: Assets/Simple Garage/Materials/[0132_LightGray].mat
  artifactKey: Guid(4e86ca9f8f7424744a4426c0ee5c0145) Importer(815301076,1909f56bfc062723c751e8b465ee728b)
Start importing Assets/Simple Garage/Materials/[0132_LightGray].mat using Guid(4e86ca9f8f7424744a4426c0ee5c0145) Importer(815301076,1909f56bfc062723c751e8b465ee728b)  -> (artifact id: 'f22bc9b8ed689ecb9265d5b12a287e2f') in 0.013212 seconds 
========================================================================
Received Import Request.
  Time since last request: 0.000022 seconds.
  path: Assets/Simple Garage/Models/Clamps.fbx
  artifactKey: Guid(f9176ded31cec7b49a01685aa5d28e07) Importer(815301076,1909f56bfc062723c751e8b465ee728b)
Start importing Assets/Simple Garage/Models/Clamps.fbx using Guid(f9176ded31cec7b49a01685aa5d28e07) Importer(815301076,1909f56bfc062723c751e8b465ee728b)  -> (artifact id: 'e3b55076d59ae64d338fbd4ac695b084') in 0.039517 seconds 
========================================================================
Received Import Request.
  Time since last request: 0.000019 seconds.
  path: Assets/Simple Garage/Materials/[Color_009].mat
  artifactKey: Guid(55b8eb16ac31e2d419b8cf5d4b960ff6) Importer(815301076,1909f56bfc062723c751e8b465ee728b)
Start importing Assets/Simple Garage/Materials/[Color_009].mat using Guid(55b8eb16ac31e2d419b8cf5d4b960ff6) Importer(815301076,1909f56bfc062723c751e8b465ee728b)  -> (artifact id: 'ba1c5e2e1bbcc93cedb71de29eef4c6b') in 0.011010 seconds 
========================================================================
Received Import Request.
  Time since last request: 0.000023 seconds.
  path: Assets/UI/UIObject3D/Examples/Models/Nobiax/Boxes/Models/weapon_box.obj
  artifactKey: Guid(beff8b8a68aa01441965d8864d08700f) Importer(815301076,1909f56bfc062723c751e8b465ee728b)
Start importing Assets/UI/UIObject3D/Examples/Models/Nobiax/Boxes/Models/weapon_box.obj using Guid(beff8b8a68aa01441965d8864d08700f) Importer(815301076,1909f56bfc062723c751e8b465ee728b)  -> (artifact id: 'ff2f1fc6b8b4cfc9cea83c7df1cfddea') in 0.037843 seconds 
========================================================================
Received Import Request.
  Time since last request: 0.000018 seconds.
  path: Assets/Simple Garage/Models/Socket.fbx
  artifactKey: Guid(b91c351aa9cc29d4bb872aff2555bec6) Importer(815301076,1909f56bfc062723c751e8b465ee728b)
Start importing Assets/Simple Garage/Models/Socket.fbx using Guid(b91c351aa9cc29d4bb872aff2555bec6) Importer(815301076,1909f56bfc062723c751e8b465ee728b)  -> (artifact id: '24019aa813f83aaae74a123b906d1cca') in 0.034250 seconds 
========================================================================
Received Import Request.
  Time since last request: 0.000029 seconds.
  path: Assets/Simple Garage/Materials/[Color_C14].mat
  artifactKey: Guid(8f2b7ac5ceaeadc44838c40dd161480e) Importer(815301076,1909f56bfc062723c751e8b465ee728b)
Start importing Assets/Simple Garage/Materials/[Color_C14].mat using Guid(8f2b7ac5ceaeadc44838c40dd161480e) Importer(815301076,1909f56bfc062723c751e8b465ee728b)  -> (artifact id: '696e77430823b3a420ce55c730a7f116') in 0.023843 seconds 
========================================================================
Received Import Request.
  Time since last request: 0.000027 seconds.
  path: Assets/Simple Garage/Models/Large corner shelf.fbx
  artifactKey: Guid(855de4ea21d5fe2428038de2e0d0371f) Importer(815301076,1909f56bfc062723c751e8b465ee728b)
Start importing Assets/Simple Garage/Models/Large corner shelf.fbx using Guid(855de4ea21d5fe2428038de2e0d0371f) Importer(815301076,1909f56bfc062723c751e8b465ee728b)  -> (artifact id: '62325ca8fa0831f20a1ef638154c587b') in 0.067042 seconds 
========================================================================
Received Import Request.
  Time since last request: 0.000031 seconds.
  path: Assets/Simple Garage/Models/Ridgid oscillating belt sander.fbx
  artifactKey: Guid(6bf857a61a1ede54ab81a1649be6c9e0) Importer(815301076,1909f56bfc062723c751e8b465ee728b)
Start importing Assets/Simple Garage/Models/Ridgid oscillating belt sander.fbx using Guid(6bf857a61a1ede54ab81a1649be6c9e0) Importer(815301076,1909f56bfc062723c751e8b465ee728b)  -> (artifact id: '4396b5f5d4454dd7633e8d0d7122f1f8') in 0.043649 seconds 
========================================================================
Received Import Request.
  Time since last request: 0.000021 seconds.
  path: Assets/Simple Garage/Models/Black suitcase.fbx
  artifactKey: Guid(c5c9be30d805efd40b01a9be27ef4b62) Importer(815301076,1909f56bfc062723c751e8b465ee728b)
Start importing Assets/Simple Garage/Models/Black suitcase.fbx using Guid(c5c9be30d805efd40b01a9be27ef4b62) Importer(815301076,1909f56bfc062723c751e8b465ee728b)  -> (artifact id: 'c9264659dd86e60b79eb3e0518bfd1a8') in 0.029357 seconds 
========================================================================
Received Import Request.
  Time since last request: 0.000023 seconds.
  path: Assets/Simple Garage/Models/Drill part.fbx
  artifactKey: Guid(f06171d029e9da44ba45d3270f5d5fb7) Importer(815301076,1909f56bfc062723c751e8b465ee728b)
Start importing Assets/Simple Garage/Models/Drill part.fbx using Guid(f06171d029e9da44ba45d3270f5d5fb7) Importer(815301076,1909f56bfc062723c751e8b465ee728b)  -> (artifact id: '7ca44fae01eeb5635e0f1bf09108b6d5') in 0.033296 seconds 
========================================================================
Received Import Request.
  Time since last request: 0.000021 seconds.
  path: Assets/Simple Garage/Models/Machinery parts.Shock Absorber.fbx
  artifactKey: Guid(590bc76de0fd52e48ba7be1edb36a5b6) Importer(815301076,1909f56bfc062723c751e8b465ee728b)
Start importing Assets/Simple Garage/Models/Machinery parts.Shock Absorber.fbx using Guid(590bc76de0fd52e48ba7be1edb36a5b6) Importer(815301076,1909f56bfc062723c751e8b465ee728b)  -> (artifact id: '42223f4be347d19d6a607a9103c63384') in 0.029876 seconds 
========================================================================
Received Import Request.
  Time since last request: 0.000020 seconds.
  path: Assets/Simple Garage/Materials/[Color_003].mat
  artifactKey: Guid(6453aa9316b043047a8785e48b115d14) Importer(815301076,1909f56bfc062723c751e8b465ee728b)
Start importing Assets/Simple Garage/Materials/[Color_003].mat using Guid(6453aa9316b043047a8785e48b115d14) Importer(815301076,1909f56bfc062723c751e8b465ee728b)  -> (artifact id: '405549bb12bc98bcab13739ea6092a7c') in 0.021619 seconds 
========================================================================
Received Import Request.
  Time since last request: 0.000026 seconds.
  path: Assets/Simple Garage/Models/Red suitcase.fbx
  artifactKey: Guid(317ca1a0c8a7425428605b4f094ed3cf) Importer(815301076,1909f56bfc062723c751e8b465ee728b)
Start importing Assets/Simple Garage/Models/Red suitcase.fbx using Guid(317ca1a0c8a7425428605b4f094ed3cf) Importer(815301076,1909f56bfc062723c751e8b465ee728b)  -> (artifact id: '0c5c71214ced954fe9d99d120721ce2b') in 0.032955 seconds 
========================================================================
Received Import Request.
  Time since last request: 0.000031 seconds.
  path: Assets/Simple Garage/Models/Machinery parts.on the floor.fbx
  artifactKey: Guid(0bbe402466917cb46b2d7bfa99dde560) Importer(815301076,1909f56bfc062723c751e8b465ee728b)
Start importing Assets/Simple Garage/Models/Machinery parts.on the floor.fbx using Guid(0bbe402466917cb46b2d7bfa99dde560) Importer(815301076,1909f56bfc062723c751e8b465ee728b)  -> (artifact id: '8a037e7ac9ad9319529575e25d918489') in 0.036310 seconds 
========================================================================
Received Import Request.
  Time since last request: 0.000021 seconds.
  path: Assets/Simple Garage/Models/Hooks.fbx
  artifactKey: Guid(9d9d603cd8152f544990637a82b4e8a1) Importer(815301076,1909f56bfc062723c751e8b465ee728b)
Start importing Assets/Simple Garage/Models/Hooks.fbx using Guid(9d9d603cd8152f544990637a82b4e8a1) Importer(815301076,1909f56bfc062723c751e8b465ee728b)  -> (artifact id: 'a5bb6c947819e3378ac2962144ac424a') in 0.028817 seconds 
========================================================================
Received Import Request.
  Time since last request: 0.000023 seconds.
  path: Assets/Simple Garage/Materials/[Color_008].mat
  artifactKey: Guid(46ad52cea5356844da7e50bd859b8fbb) Importer(815301076,1909f56bfc062723c751e8b465ee728b)
Start importing Assets/Simple Garage/Materials/[Color_008].mat using Guid(46ad52cea5356844da7e50bd859b8fbb) Importer(815301076,1909f56bfc062723c751e8b465ee728b)  -> (artifact id: 'f3a47307630b5c3b14ed49185a5dda7a') in 0.029815 seconds 
========================================================================
Received Import Request.
  Time since last request: 0.000021 seconds.
  path: Assets/Simple Garage/Models/Hook cylinder type.fbx
  artifactKey: Guid(8b60d343f08319d4e9a2b179a6b42b0d) Importer(815301076,1909f56bfc062723c751e8b465ee728b)
Start importing Assets/Simple Garage/Models/Hook cylinder type.fbx using Guid(8b60d343f08319d4e9a2b179a6b42b0d) Importer(815301076,1909f56bfc062723c751e8b465ee728b)  -> (artifact id: 'e45ad437d0d7dcd7688f253bb0e23585') in 0.029770 seconds 
========================================================================
Received Import Request.
  Time since last request: 0.000018 seconds.
  path: Assets/Simple Garage/Models/Camouflage suitcase.fbx
  artifactKey: Guid(0110015a6c2dc6a4f922574f1e6115cb) Importer(815301076,1909f56bfc062723c751e8b465ee728b)
Start importing Assets/Simple Garage/Models/Camouflage suitcase.fbx using Guid(0110015a6c2dc6a4f922574f1e6115cb) Importer(815301076,1909f56bfc062723c751e8b465ee728b)  -> (artifact id: 'cf565a180a43739043f99706a733c7ab') in 0.038394 seconds 
========================================================================
Received Import Request.
  Time since last request: 0.000031 seconds.
  path: Assets/Simple Garage/Models/Carpet.fbx
  artifactKey: Guid(62e6a133af26dbf498fed56d24553c84) Importer(815301076,1909f56bfc062723c751e8b465ee728b)
Start importing Assets/Simple Garage/Models/Carpet.fbx using Guid(62e6a133af26dbf498fed56d24553c84) Importer(815301076,1909f56bfc062723c751e8b465ee728b)  -> (artifact id: 'd8f60e6b99d617d80199fbc0eeb4f074') in 0.029191 seconds 
========================================================================
Received Import Request.
  Time since last request: 0.000031 seconds.
  path: Assets/Simple Garage/Models/Sponge.fbx
  artifactKey: Guid(9d6e34dbf58d5c84c8d5b0859fba43ce) Importer(815301076,1909f56bfc062723c751e8b465ee728b)
Start importing Assets/Simple Garage/Models/Sponge.fbx using Guid(9d6e34dbf58d5c84c8d5b0859fba43ce) Importer(815301076,1909f56bfc062723c751e8b465ee728b)  -> (artifact id: '2adaf550bdf9b1c9c14f591319e34ff0') in 0.027765 seconds 
========================================================================
Received Import Request.
  Time since last request: 0.000019 seconds.
  path: Assets/Simple Garage/Materials/[0136_Charcoal]2.mat
  artifactKey: Guid(a1bfe3a4435270d4eb36c3f8b89f6215) Importer(815301076,1909f56bfc062723c751e8b465ee728b)
Start importing Assets/Simple Garage/Materials/[0136_Charcoal]2.mat using Guid(a1bfe3a4435270d4eb36c3f8b89f6215) Importer(815301076,1909f56bfc062723c751e8b465ee728b)  -> (artifact id: 'bf1a4fb408684d45a2c6578781279fc0') in 0.011782 seconds 
========================================================================
Received Import Request.
  Time since last request: 0.000019 seconds.
  path: Assets/StarterAssets/Environment/Art/Models/Ramp_100x100x200_Mesh.fbx
  artifactKey: Guid(bfff06aaff363a847ad37bf592364e6b) Importer(815301076,1909f56bfc062723c751e8b465ee728b)
Start importing Assets/StarterAssets/Environment/Art/Models/Ramp_100x100x200_Mesh.fbx using Guid(bfff06aaff363a847ad37bf592364e6b) Importer(815301076,1909f56bfc062723c751e8b465ee728b)  -> (artifact id: '6112571d40d9c918f32450f2578f9d7e') in 0.030940 seconds 
========================================================================
Received Import Request.
  Time since last request: 0.000021 seconds.
  path: Assets/Simple Garage/Models/White suitcase.fbx
  artifactKey: Guid(9da4e6e9dbea8e8498df7878310535ef) Importer(815301076,1909f56bfc062723c751e8b465ee728b)
Start importing Assets/Simple Garage/Models/White suitcase.fbx using Guid(9da4e6e9dbea8e8498df7878310535ef) Importer(815301076,1909f56bfc062723c751e8b465ee728b)  -> (artifact id: 'c076c94c9cca08dd8ad721e53ac51140') in 0.037010 seconds 
========================================================================
Received Import Request.
  Time since last request: 0.000019 seconds.
  path: Assets/Simple Garage/Materials/_Black_.mat
  artifactKey: Guid(6bb0646f945fbe54f8d856b346e6c2f3) Importer(815301076,1909f56bfc062723c751e8b465ee728b)
Start importing Assets/Simple Garage/Materials/_Black_.mat using Guid(6bb0646f945fbe54f8d856b346e6c2f3) Importer(815301076,1909f56bfc062723c751e8b465ee728b)  -> (artifact id: '9a6fc721925924f418aedfebe4b6d3ce') in 0.019770 seconds 
========================================================================
Received Import Request.
  Time since last request: 0.000025 seconds.
  path: Assets/Simple Garage/Models/Opened locker.fbx
  artifactKey: Guid(14d2aee51ed41ad4fb466baeb037c9c7) Importer(815301076,1909f56bfc062723c751e8b465ee728b)
Start importing Assets/Simple Garage/Models/Opened locker.fbx using Guid(14d2aee51ed41ad4fb466baeb037c9c7) Importer(815301076,1909f56bfc062723c751e8b465ee728b)  -> (artifact id: '5cf2a3e7f1891d977f52345557c04e54') in 0.058758 seconds 
========================================================================
Received Import Request.
  Time since last request: 0.000023 seconds.
  path: Assets/Simple Garage/Materials/[Color_A11].mat
  artifactKey: Guid(36093744cd3aa9d42907bee716812a0c) Importer(815301076,1909f56bfc062723c751e8b465ee728b)
Start importing Assets/Simple Garage/Materials/[Color_A11].mat using Guid(36093744cd3aa9d42907bee716812a0c) Importer(815301076,1909f56bfc062723c751e8b465ee728b)  -> (artifact id: 'aeda8ea9eae7533b513760ca58c224ff') in 0.033164 seconds 
========================================================================
Received Import Request.
  Time since last request: 0.000023 seconds.
  path: Assets/Simple Garage/Materials/[Color H08].mat
  artifactKey: Guid(068ccec6c0b7c534a90dfff20710c38c) Importer(815301076,1909f56bfc062723c751e8b465ee728b)
Start importing Assets/Simple Garage/Materials/[Color H08].mat using Guid(068ccec6c0b7c534a90dfff20710c38c) Importer(815301076,1909f56bfc062723c751e8b465ee728b)  -> (artifact id: 'cfe37ce13a7bca8ab433be3147b1129f') in 0.012487 seconds 
========================================================================
Received Import Request.
  Time since last request: 0.000027 seconds.
  path: Assets/Simple Garage/Models/Garage door.fbx
  artifactKey: Guid(0ef15bbf0c3f08646b1812c663767007) Importer(815301076,1909f56bfc062723c751e8b465ee728b)
Start importing Assets/Simple Garage/Models/Garage door.fbx using Guid(0ef15bbf0c3f08646b1812c663767007) Importer(815301076,1909f56bfc062723c751e8b465ee728b)  -> (artifact id: 'cb692bb227e0b33e2c7dcfa1629797f2') in 0.039849 seconds 
========================================================================
Received Import Request.
  Time since last request: 0.000022 seconds.
  path: Assets/Simple Garage/Models/Exterior.fbx
  artifactKey: Guid(05a30d1750f15df4e9f9d43f92e779ca) Importer(815301076,1909f56bfc062723c751e8b465ee728b)
Start importing Assets/Simple Garage/Models/Exterior.fbx using Guid(05a30d1750f15df4e9f9d43f92e779ca) Importer(815301076,1909f56bfc062723c751e8b465ee728b)  -> (artifact id: 'c9adbd3f535991070862658a55485bd3') in 0.046219 seconds 
========================================================================
Received Import Request.
  Time since last request: 0.000023 seconds.
  path: Assets/Simple Garage/Materials/[Color_007].mat
  artifactKey: Guid(81d40aa4a64960c48900fd4a43890725) Importer(815301076,1909f56bfc062723c751e8b465ee728b)
Start importing Assets/Simple Garage/Materials/[Color_007].mat using Guid(81d40aa4a64960c48900fd4a43890725) Importer(815301076,1909f56bfc062723c751e8b465ee728b)  -> (artifact id: 'a86d02403269e98264b3e9e093f8004d') in 0.022700 seconds 
========================================================================
Received Import Request.
  Time since last request: 0.000020 seconds.
  path: Assets/StarterAssets/Environment/Art/Models/Ground_Mesh.fbx
  artifactKey: Guid(aa38d7b0e367ecc4aac915dcfe957879) Importer(815301076,1909f56bfc062723c751e8b465ee728b)
Start importing Assets/StarterAssets/Environment/Art/Models/Ground_Mesh.fbx using Guid(aa38d7b0e367ecc4aac915dcfe957879) Importer(815301076,1909f56bfc062723c751e8b465ee728b)  -> (artifact id: '281664eba7509076d6218e1b353b9805') in 0.032265 seconds 
========================================================================
Received Import Request.
  Time since last request: 0.000018 seconds.
  path: Assets/Simple Garage/Materials/_16.mat
  artifactKey: Guid(e442faa0dbf483c4ca6d09db3a5156c5) Importer(815301076,1909f56bfc062723c751e8b465ee728b)
Start importing Assets/Simple Garage/Materials/_16.mat using Guid(e442faa0dbf483c4ca6d09db3a5156c5) Importer(815301076,1909f56bfc062723c751e8b465ee728b)  -> (artifact id: '15fd94659d8fb3da294cb796c4937de7') in 0.020616 seconds 
========================================================================
Received Import Request.
  Time since last request: 0.000023 seconds.
  path: Assets/StarterAssets/Environment/Art/Models/Structure_Mesh.fbx
  artifactKey: Guid(d0a9bfb4b5f28174884e89dd76563ae8) Importer(815301076,1909f56bfc062723c751e8b465ee728b)
Start importing Assets/StarterAssets/Environment/Art/Models/Structure_Mesh.fbx using Guid(d0a9bfb4b5f28174884e89dd76563ae8) Importer(815301076,1909f56bfc062723c751e8b465ee728b)  -> (artifact id: '6587bcb85c67a1d79b3ac96289a57897') in 0.032607 seconds 
========================================================================
Received Import Request.
  Time since last request: 0.000030 seconds.
  path: Assets/StarterAssets/Environment/Art/Models/Tunnel_Mesh.fbx
  artifactKey: Guid(f712806514868e54699156ec05dcb749) Importer(815301076,1909f56bfc062723c751e8b465ee728b)
Start importing Assets/StarterAssets/Environment/Art/Models/Tunnel_Mesh.fbx using Guid(f712806514868e54699156ec05dcb749) Importer(815301076,1909f56bfc062723c751e8b465ee728b)  -> (artifact id: '59fd76d0ddce88debde82e1b7e6fc274') in 0.031173 seconds 
========================================================================
Received Import Request.
  Time since last request: 0.000018 seconds.
  path: Assets/Simple Garage/Materials/[Color_I08].mat
  artifactKey: Guid(87a8b9a6a53562c499d7fc6fb4defaff) Importer(815301076,1909f56bfc062723c751e8b465ee728b)
Start importing Assets/Simple Garage/Materials/[Color_I08].mat using Guid(87a8b9a6a53562c499d7fc6fb4defaff) Importer(815301076,1909f56bfc062723c751e8b465ee728b)  -> (artifact id: '8b431b0edeaa035a3caee083fa3f1d67') in 0.010628 seconds 
========================================================================
Received Import Request.
  Time since last request: 0.000028 seconds.
  path: Assets/UI/UIObject3D/Examples/Models/Nobiax/Chest/Model/Chest.obj
  artifactKey: Guid(6f4e6a3876550f846bd2e358acef7e9e) Importer(815301076,1909f56bfc062723c751e8b465ee728b)
Start importing Assets/UI/UIObject3D/Examples/Models/Nobiax/Chest/Model/Chest.obj using Guid(6f4e6a3876550f846bd2e358acef7e9e) Importer(815301076,1909f56bfc062723c751e8b465ee728b)  -> (artifact id: 'f158ed95f5858f58d41beb7f42fc6d13') in 0.037945 seconds 
========================================================================
Received Import Request.
  Time since last request: 0.000020 seconds.
  path: Assets/Simple Garage/Materials/_6.mat
  artifactKey: Guid(592e40746ca9cf944839b21915d3e414) Importer(815301076,1909f56bfc062723c751e8b465ee728b)
Start importing Assets/Simple Garage/Materials/_6.mat using Guid(592e40746ca9cf944839b21915d3e414) Importer(815301076,1909f56bfc062723c751e8b465ee728b)  -> (artifact id: 'd12ba3126b6cd530556339ae90c65523') in 0.011403 seconds 
========================================================================
Received Import Request.
  Time since last request: 0.000017 seconds.
  path: Assets/Simple Garage/Models/Drill Bits.002.fbx
  artifactKey: Guid(a888387dbf4b8ad4bab40d1b748343ca) Importer(815301076,1909f56bfc062723c751e8b465ee728b)
Start importing Assets/Simple Garage/Models/Drill Bits.002.fbx using Guid(a888387dbf4b8ad4bab40d1b748343ca) Importer(815301076,1909f56bfc062723c751e8b465ee728b)  -> (artifact id: '68217e51e1b255a1321e6f18421a59b0') in 0.038616 seconds 
========================================================================
Received Import Request.
  Time since last request: 0.000022 seconds.
  path: Assets/Simple Garage/Models/White suitcase.002.fbx
  artifactKey: Guid(ed717cf5527eff748ace6df57db2e2b4) Importer(815301076,1909f56bfc062723c751e8b465ee728b)
Start importing Assets/Simple Garage/Models/White suitcase.002.fbx using Guid(ed717cf5527eff748ace6df57db2e2b4) Importer(815301076,1909f56bfc062723c751e8b465ee728b)  -> (artifact id: '8d85b81473ecc1f13f9c2ab793d469c3') in 0.035917 seconds 
========================================================================
Received Import Request.
  Time since last request: 0.000019 seconds.
  path: Assets/Simple Garage/Models/Drill Bits.001.fbx
  artifactKey: Guid(837a64de2d8101645bffba32c0c91cf2) Importer(815301076,1909f56bfc062723c751e8b465ee728b)
Start importing Assets/Simple Garage/Models/Drill Bits.001.fbx using Guid(837a64de2d8101645bffba32c0c91cf2) Importer(815301076,1909f56bfc062723c751e8b465ee728b)  -> (artifact id: '865c7731740c51b29f199b6bcb1dfbdb') in 0.032422 seconds 
========================================================================
Received Import Request.
  Time since last request: 0.000035 seconds.
  path: Assets/Simple Garage/Materials/[Color_D03].001.mat
  artifactKey: Guid(e8d3acfcf45369b47984c04d0b7bebb5) Importer(815301076,1909f56bfc062723c751e8b465ee728b)
Start importing Assets/Simple Garage/Materials/[Color_D03].001.mat using Guid(e8d3acfcf45369b47984c04d0b7bebb5) Importer(815301076,1909f56bfc062723c751e8b465ee728b)  -> (artifact id: 'c94fa54db305b183268d1743f6d8c589') in 0.020500 seconds 
========================================================================
Received Import Request.
  Time since last request: 0.000021 seconds.
  path: Assets/StarterAssets/Environment/Art/Models/Box_350x250x200_Mesh.fbx
  artifactKey: Guid(c6a55ba99e9e99d41b7eef123e311a43) Importer(815301076,1909f56bfc062723c751e8b465ee728b)
Start importing Assets/StarterAssets/Environment/Art/Models/Box_350x250x200_Mesh.fbx using Guid(c6a55ba99e9e99d41b7eef123e311a43) Importer(815301076,1909f56bfc062723c751e8b465ee728b)  -> (artifact id: 'a8454ea0208dd9e182a61cf012459bfb') in 0.030272 seconds 
========================================================================
Received Import Request.
  Time since last request: 0.000023 seconds.
  path: Assets/Simple Garage/Models/Drill Bits.fbx
  artifactKey: Guid(1e411d3e5babd7941aeb58230965174e) Importer(815301076,1909f56bfc062723c751e8b465ee728b)
Start importing Assets/Simple Garage/Models/Drill Bits.fbx using Guid(1e411d3e5babd7941aeb58230965174e) Importer(815301076,1909f56bfc062723c751e8b465ee728b)  -> (artifact id: 'cf1e52f6aed0a8ae1221218ecddc8d7e') in 0.030715 seconds 
========================================================================
Received Import Request.
  Time since last request: 0.000020 seconds.
  path: Assets/Simple Garage/Models/Between locker.fbx
  artifactKey: Guid(64435e7526de49842977ce7a807578f5) Importer(815301076,1909f56bfc062723c751e8b465ee728b)
Start importing Assets/Simple Garage/Models/Between locker.fbx using Guid(64435e7526de49842977ce7a807578f5) Importer(815301076,1909f56bfc062723c751e8b465ee728b)  -> (artifact id: 'b5b74bb64cb00144b199924d4c905569') in 0.027450 seconds 
========================================================================
Received Import Request.
  Time since last request: 0.000022 seconds.
  path: Assets/Simple Garage/Materials/[_0129_WhiteSmoke_].mat
  artifactKey: Guid(8833c0fdc1dabeb439f07d1d19c7790f) Importer(815301076,1909f56bfc062723c751e8b465ee728b)
Start importing Assets/Simple Garage/Materials/[_0129_WhiteSmoke_].mat using Guid(8833c0fdc1dabeb439f07d1d19c7790f) Importer(815301076,1909f56bfc062723c751e8b465ee728b)  -> (artifact id: 'ba630cdd799963b8ed2549f7d99485f3') in 0.012515 seconds 
========================================================================
Received Import Request.
  Time since last request: 0.000018 seconds.
  path: Assets/Simple Garage/Models/Shelf.fbx
  artifactKey: Guid(7316845734f527d4aaba29d50932acf5) Importer(815301076,1909f56bfc062723c751e8b465ee728b)
Start importing Assets/Simple Garage/Models/Shelf.fbx using Guid(7316845734f527d4aaba29d50932acf5) Importer(815301076,1909f56bfc062723c751e8b465ee728b)  -> (artifact id: '2affd26b41aa55de0537756c3d24decf') in 0.047111 seconds 
========================================================================
Received Import Request.
  Time since last request: 0.000028 seconds.
  path: Assets/Simple Garage/Models/Table.fbx
  artifactKey: Guid(3434c0b847ea9854cbf6ca7ed69f8a4c) Importer(815301076,1909f56bfc062723c751e8b465ee728b)
Start importing Assets/Simple Garage/Models/Table.fbx using Guid(3434c0b847ea9854cbf6ca7ed69f8a4c) Importer(815301076,1909f56bfc062723c751e8b465ee728b)  -> (artifact id: '6ceac7a536fc2c8f8aaee87c278dfee9') in 0.076143 seconds 
========================================================================
Received Import Request.
  Time since last request: 0.000035 seconds.
  path: Assets/UI/UIObject3D/Examples/Models/Nobiax/Barrel/Model/big_wood_barrel.obj
  artifactKey: Guid(670486ae9d9f29447912d5d9e8b1bcc5) Importer(815301076,1909f56bfc062723c751e8b465ee728b)
Start importing Assets/UI/UIObject3D/Examples/Models/Nobiax/Barrel/Model/big_wood_barrel.obj using Guid(670486ae9d9f29447912d5d9e8b1bcc5) Importer(815301076,1909f56bfc062723c751e8b465ee728b)  -> (artifact id: 'e369ec27a33989cee84f489b991d3670') in 0.069880 seconds 
========================================================================
Received Import Request.
  Time since last request: 0.000028 seconds.
  path: Assets/Simple Garage/Models/Big shelf.fbx
  artifactKey: Guid(d7d3fa1e450020e42b694021662529cc) Importer(815301076,1909f56bfc062723c751e8b465ee728b)
Start importing Assets/Simple Garage/Models/Big shelf.fbx using Guid(d7d3fa1e450020e42b694021662529cc) Importer(815301076,1909f56bfc062723c751e8b465ee728b)  -> (artifact id: '98fdf3a6502262d5b4b774830ee2ce74') in 0.046722 seconds 
========================================================================
Received Import Request.
  Time since last request: 0.000019 seconds.
  path: Assets/Simple Garage/Materials/[Color_006].mat
  artifactKey: Guid(edec75fe48008b14a8c365b20463bc85) Importer(815301076,1909f56bfc062723c751e8b465ee728b)
Start importing Assets/Simple Garage/Materials/[Color_006].mat using Guid(edec75fe48008b14a8c365b20463bc85) Importer(815301076,1909f56bfc062723c751e8b465ee728b)  -> (artifact id: '369a8f004108b95fa66347e5b75785ad') in 0.017235 seconds 
========================================================================
Received Import Request.
  Time since last request: 0.000033 seconds.
  path: Assets/StarterAssets/Environment/Art/Models/Box_350x250x300_Mesh.fbx
  artifactKey: Guid(d2f0da3998423f44594868ffed55c3e6) Importer(815301076,1909f56bfc062723c751e8b465ee728b)
Start importing Assets/StarterAssets/Environment/Art/Models/Box_350x250x300_Mesh.fbx using Guid(d2f0da3998423f44594868ffed55c3e6) Importer(815301076,1909f56bfc062723c751e8b465ee728b)  -> (artifact id: '21fd1efbd5a5f4a3c2e37d8907cb059c') in 0.033885 seconds 
========================================================================
Received Import Request.
  Time since last request: 0.000027 seconds.
  path: Assets/Simple Garage/Materials/[Color A08]7.mat
  artifactKey: Guid(1ff404bc24c6a784c99c612c29d52066) Importer(815301076,1909f56bfc062723c751e8b465ee728b)
Start importing Assets/Simple Garage/Materials/[Color A08]7.mat using Guid(1ff404bc24c6a784c99c612c29d52066) Importer(815301076,1909f56bfc062723c751e8b465ee728b)  -> (artifact id: '1635f778506dda8dcf767b1f2213bb18') in 0.013948 seconds 
========================================================================
Received Import Request.
  Time since last request: 0.000051 seconds.
  path: Packages/com.unity.render-pipelines.core/Editor/Resources/DebugProbe.fbx
  artifactKey: Guid(9e1c97fc44f9a8744b61b58f72c56de4) Importer(815301076,1909f56bfc062723c751e8b465ee728b)
Start importing Packages/com.unity.render-pipelines.core/Editor/Resources/DebugProbe.fbx using Guid(9e1c97fc44f9a8744b61b58f72c56de4) Importer(815301076,1909f56bfc062723c751e8b465ee728b)  -> (artifact id: 'cc0ee77996504f8d83187b4347bd89de') in 0.028644 seconds 
========================================================================
Received Import Request.
  Time since last request: 0.000027 seconds.
  path: Assets/Simple Garage/Materials/[Color_A01].mat
  artifactKey: Guid(04497a13553e04046aa5be6e84c08ddb) Importer(815301076,1909f56bfc062723c751e8b465ee728b)
Start importing Assets/Simple Garage/Materials/[Color_A01].mat using Guid(04497a13553e04046aa5be6e84c08ddb) Importer(815301076,1909f56bfc062723c751e8b465ee728b)  -> (artifact id: '2ebf85f3c94f36a37c644af392329962') in 0.025563 seconds 
========================================================================
Received Import Request.
  Time since last request: 0.000036 seconds.
  path: Assets/Simple Garage/Models/Saw.fbx
  artifactKey: Guid(bc7f2b2496b7d5e42aeff231458e580d) Importer(815301076,1909f56bfc062723c751e8b465ee728b)
Start importing Assets/Simple Garage/Models/Saw.fbx using Guid(bc7f2b2496b7d5e42aeff231458e580d) Importer(815301076,1909f56bfc062723c751e8b465ee728b)  -> (artifact id: '586a2c5a3ed8db908e73c540dce3ec7a') in 0.088564 seconds 
========================================================================
Received Import Request.
  Time since last request: 0.000025 seconds.
  path: Assets/Simple Garage/Models/Machinery parts.mirror.fbx
  artifactKey: Guid(681be740132a8364fb1e414a4988c47d) Importer(815301076,1909f56bfc062723c751e8b465ee728b)
Start importing Assets/Simple Garage/Models/Machinery parts.mirror.fbx using Guid(681be740132a8364fb1e414a4988c47d) Importer(815301076,1909f56bfc062723c751e8b465ee728b)  -> (artifact id: '058661603ebfa571c195d9e03d541dd4') in 0.055691 seconds 
========================================================================
Received Import Request.
  Time since last request: 0.000026 seconds.
  path: Assets/Simple Garage/Models/Hose.fbx
  artifactKey: Guid(d2743396a59a2dc43baa7a2d5414c1ff) Importer(815301076,1909f56bfc062723c751e8b465ee728b)
Start importing Assets/Simple Garage/Models/Hose.fbx using Guid(d2743396a59a2dc43baa7a2d5414c1ff) Importer(815301076,1909f56bfc062723c751e8b465ee728b)  -> (artifact id: '56422096d4d12120312f6a3bf22773d5') in 0.034204 seconds 
========================================================================
Received Import Request.
  Time since last request: 0.000029 seconds.
  path: Assets/Simple Garage/Models/White suitcase.001.fbx
  artifactKey: Guid(8e014b5c76aeed444b3aa92be71ef533) Importer(815301076,1909f56bfc062723c751e8b465ee728b)
Start importing Assets/Simple Garage/Models/White suitcase.001.fbx using Guid(8e014b5c76aeed444b3aa92be71ef533) Importer(815301076,1909f56bfc062723c751e8b465ee728b)  -> (artifact id: 'ec9885b45a0b2a4d6b138867611a09e5') in 0.041528 seconds 
Editor requested this worker to shutdown with reason: Scaling down because of idle timeout
AssetImportWorker is now disconnected from the server
Process exiting
Exiting without the bug reporter. Application will terminate with return code 0